{"/home/nievethan/ecoRide_requester/backend/src/app.ts": {"path":"/home/nievethan/ecoRide_requester/backend/src/app.ts","statementMap":{"0":{"start":{"line":1,"column":0},"end":{"line":1,"column":53}},"1":{"start":{"line":2,"column":0},"end":{"line":2,"column":24}},"2":{"start":{"line":3,"column":0},"end":{"line":3,"column":45}},"3":{"start":{"line":4,"column":0},"end":{"line":4,"column":45}},"4":{"start":{"line":7,"column":12},"end":{"line":7,"column":21}},"5":{"start":{"line":10,"column":0},"end":{"line":10,"column":16}},"6":{"start":{"line":11,"column":0},"end":{"line":11,"column":24}},"7":{"start":{"line":14,"column":0},"end":{"line":14,"column":34}},"8":{"start":{"line":15,"column":0},"end":{"line":15,"column":34}},"9":{"start":{"line":18,"column":0},"end":{"line":20,"column":3}},"10":{"start":{"line":19,"column":2},"end":{"line":19,"column":55}},"11":{"start":{"line":22,"column":0},"end":{"line":22,"column":19}}},"fnMap":{"0":{"name":"(anonymous_1)","decl":{"start":{"line":18,"column":13},"end":{"line":18,"column":14}},"loc":{"start":{"line":18,"column":45},"end":{"line":20,"column":1}}}},"branchMap":{},"s":{"0":2,"1":2,"2":2,"3":2,"4":2,"5":2,"6":2,"7":2,"8":2,"9":2,"10":0,"11":2},"f":{"0":0},"b":{}}
,"/home/nievethan/ecoRide_requester/backend/src/database.ts": {"path":"/home/nievethan/ecoRide_requester/backend/src/database.ts","statementMap":{"0":{"start":{"line":1,"column":0},"end":{"line":1,"column":38}},"1":{"start":{"line":2,"column":0},"end":{"line":2,"column":28}},"2":{"start":{"line":5,"column":0},"end":{"line":5,"column":16}},"3":{"start":{"line":8,"column":0},"end":{"line":10,"column":1}},"4":{"start":{"line":9,"column":2},"end":{"line":9,"column":58}},"5":{"start":{"line":13,"column":18},"end":{"line":22,"column":2}},"6":{"start":{"line":24,"column":25},"end":{"line":31,"column":1}},"7":{"start":{"line":25,"column":2},"end":{"line":30,"column":3}},"8":{"start":{"line":26,"column":4},"end":{"line":26,"column":35}},"9":{"start":{"line":27,"column":4},"end":{"line":27,"column":69}},"10":{"start":{"line":29,"column":4},"end":{"line":29,"column":63}},"11":{"start":{"line":24,"column":13},"end":{"line":24,"column":25}},"12":{"start":{"line":33,"column":0},"end":{"line":33,"column":25}}},"fnMap":{"0":{"name":"(anonymous_1)","decl":{"start":{"line":24,"column":25},"end":{"line":24,"column":30}},"loc":{"start":{"line":24,"column":36},"end":{"line":31,"column":1}}}},"branchMap":{"0":{"loc":{"start":{"line":8,"column":0},"end":{"line":10,"column":1}},"type":"if","locations":[{"start":{"line":8,"column":0},"end":{"line":10,"column":1}},{"start":{},"end":{}}]}},"s":{"0":2,"1":2,"2":2,"3":2,"4":0,"5":2,"6":2,"7":0,"8":0,"9":0,"10":0,"11":2,"12":2},"f":{"0":0},"b":{"0":[0,2]}}
,"/home/nievethan/ecoRide_requester/backend/src/controllers/rideController.ts": {"path":"/home/nievethan/ecoRide_requester/backend/src/controllers/rideController.ts","statementMap":{"0":{"start":{"line":2,"column":0},"end":{"line":2,"column":39}},"1":{"start":{"line":3,"column":0},"end":{"line":3,"column":53}},"2":{"start":{"line":5,"column":26},"end":{"line":40,"column":1}},"3":{"start":{"line":6,"column":19},"end":{"line":6,"column":40}},"4":{"start":{"line":7,"column":4},"end":{"line":11,"column":5}},"5":{"start":{"line":9,"column":8},"end":{"line":9,"column":57}},"6":{"start":{"line":10,"column":8},"end":{"line":10,"column":15}},"7":{"start":{"line":13,"column":4},"end":{"line":39,"column":5}},"8":{"start":{"line":15,"column":66},"end":{"line":15,"column":74}},"9":{"start":{"line":18,"column":27},"end":{"line":18,"column":54}},"10":{"start":{"line":19,"column":8},"end":{"line":22,"column":9}},"11":{"start":{"line":20,"column":12},"end":{"line":20,"column":62}},"12":{"start":{"line":21,"column":12},"end":{"line":21,"column":19}},"13":{"start":{"line":25,"column":24},"end":{"line":30,"column":10}},"14":{"start":{"line":32,"column":8},"end":{"line":35,"column":11}},"15":{"start":{"line":37,"column":8},"end":{"line":37,"column":53}},"16":{"start":{"line":38,"column":8},"end":{"line":38,"column":66}},"17":{"start":{"line":5,"column":13},"end":{"line":5,"column":26}},"18":{"start":{"line":42,"column":27},"end":{"line":62,"column":1}},"19":{"start":{"line":43,"column":4},"end":{"line":61,"column":5}},"20":{"start":{"line":45,"column":22},"end":{"line":53,"column":10}},"21":{"start":{"line":56,"column":8},"end":{"line":56,"column":36}},"22":{"start":{"line":59,"column":8},"end":{"line":59,"column":54}},"23":{"start":{"line":60,"column":8},"end":{"line":60,"column":65}},"24":{"start":{"line":42,"column":13},"end":{"line":42,"column":27}}},"fnMap":{"0":{"name":"(anonymous_0)","decl":{"start":{"line":5,"column":26},"end":{"line":5,"column":31}},"loc":{"start":{"line":5,"column":79},"end":{"line":40,"column":1}}},"1":{"name":"(anonymous_1)","decl":{"start":{"line":42,"column":27},"end":{"line":42,"column":32}},"loc":{"start":{"line":42,"column":80},"end":{"line":62,"column":1}}}},"branchMap":{"0":{"loc":{"start":{"line":7,"column":4},"end":{"line":11,"column":5}},"type":"if","locations":[{"start":{"line":7,"column":4},"end":{"line":11,"column":5}},{"start":{},"end":{}}]},"1":{"loc":{"start":{"line":19,"column":8},"end":{"line":22,"column":9}},"type":"if","locations":[{"start":{"line":19,"column":8},"end":{"line":22,"column":9}},{"start":{},"end":{}}]}},"s":{"0":2,"1":2,"2":2,"3":5,"4":5,"5":3,"6":3,"7":2,"8":2,"9":2,"10":2,"11":1,"12":1,"13":1,"14":1,"15":0,"16":0,"17":2,"18":2,"19":1,"20":1,"21":1,"22":0,"23":0,"24":2},"f":{"0":5,"1":1},"b":{"0":[3,2],"1":[1,1]}}
,"/home/nievethan/ecoRide_requester/backend/src/controllers/userController.ts": {"path":"/home/nievethan/ecoRide_requester/backend/src/controllers/userController.ts","statementMap":{"0":{"start":{"line":2,"column":0},"end":{"line":2,"column":33}},"1":{"start":{"line":3,"column":0},"end":{"line":3,"column":53}},"2":{"start":{"line":5,"column":26},"end":{"line":31,"column":1}},"3":{"start":{"line":6,"column":19},"end":{"line":6,"column":40}},"4":{"start":{"line":7,"column":4},"end":{"line":10,"column":5}},"5":{"start":{"line":8,"column":8},"end":{"line":8,"column":57}},"6":{"start":{"line":9,"column":8},"end":{"line":9,"column":15}},"7":{"start":{"line":11,"column":4},"end":{"line":30,"column":5}},"8":{"start":{"line":13,"column":32},"end":{"line":13,"column":40}},"9":{"start":{"line":16,"column":24},"end":{"line":19,"column":10}},"10":{"start":{"line":21,"column":8},"end":{"line":24,"column":11}},"11":{"start":{"line":26,"column":8},"end":{"line":28,"column":9}},"12":{"start":{"line":27,"column":12},"end":{"line":27,"column":57}},"13":{"start":{"line":29,"column":8},"end":{"line":29,"column":65}},"14":{"start":{"line":5,"column":13},"end":{"line":5,"column":26}},"15":{"start":{"line":33,"column":27},"end":{"line":47,"column":1}},"16":{"start":{"line":34,"column":4},"end":{"line":46,"column":5}},"17":{"start":{"line":36,"column":22},"end":{"line":38,"column":10}},"18":{"start":{"line":41,"column":8},"end":{"line":41,"column":36}},"19":{"start":{"line":44,"column":8},"end":{"line":44,"column":54}},"20":{"start":{"line":45,"column":8},"end":{"line":45,"column":65}},"21":{"start":{"line":33,"column":13},"end":{"line":33,"column":27}}},"fnMap":{"0":{"name":"(anonymous_0)","decl":{"start":{"line":5,"column":26},"end":{"line":5,"column":31}},"loc":{"start":{"line":5,"column":79},"end":{"line":31,"column":1}}},"1":{"name":"(anonymous_1)","decl":{"start":{"line":33,"column":27},"end":{"line":33,"column":32}},"loc":{"start":{"line":33,"column":80},"end":{"line":47,"column":1}}}},"branchMap":{"0":{"loc":{"start":{"line":7,"column":4},"end":{"line":10,"column":5}},"type":"if","locations":[{"start":{"line":7,"column":4},"end":{"line":10,"column":5}},{"start":{},"end":{}}]},"1":{"loc":{"start":{"line":26,"column":8},"end":{"line":28,"column":9}},"type":"if","locations":[{"start":{"line":26,"column":8},"end":{"line":28,"column":9}},{"start":{},"end":{}}]}},"s":{"0":2,"1":2,"2":2,"3":5,"4":5,"5":2,"6":2,"7":3,"8":3,"9":3,"10":2,"11":1,"12":0,"13":1,"14":2,"15":2,"16":1,"17":1,"18":1,"19":0,"20":0,"21":2},"f":{"0":5,"1":1},"b":{"0":[2,3],"1":[0,1]}}
,"/home/nievethan/ecoRide_requester/backend/src/models/Ride.ts": {"path":"/home/nievethan/ecoRide_requester/backend/src/models/Ride.ts","statementMap":{"0":{"start":{"line":1,"column":0},"end":{"line":1,"column":38}},"1":{"start":{"line":2,"column":0},"end":{"line":2,"column":36}},"2":{"start":{"line":4,"column":13},"end":{"line":27,"column":2}},"3":{"start":{"line":29,"column":0},"end":{"line":29,"column":20}}},"fnMap":{},"branchMap":{},"s":{"0":2,"1":2,"2":2,"3":2},"f":{},"b":{}}
,"/home/nievethan/ecoRide_requester/backend/src/models/User.ts": {"path":"/home/nievethan/ecoRide_requester/backend/src/models/User.ts","statementMap":{"0":{"start":{"line":1,"column":0},"end":{"line":1,"column":38}},"1":{"start":{"line":2,"column":0},"end":{"line":2,"column":36}},"2":{"start":{"line":4,"column":13},"end":{"line":24,"column":2}},"3":{"start":{"line":26,"column":0},"end":{"line":26,"column":20}}},"fnMap":{},"branchMap":{},"s":{"0":2,"1":2,"2":2,"3":2},"f":{},"b":{}}
,"/home/nievethan/ecoRide_requester/backend/src/models/index.ts": {"path":"/home/nievethan/ecoRide_requester/backend/src/models/index.ts","statementMap":{"0":{"start":{"line":1,"column":0},"end":{"line":1,"column":7}},"1":{"start":{"line":16,"column":9},"end":{"line":1,"column":26}},"2":{"start":{"line":2,"column":0},"end":{"line":2,"column":7}},"3":{"start":{"line":16,"column":15},"end":{"line":2,"column":26}},"4":{"start":{"line":5,"column":0},"end":{"line":8,"column":3}},"5":{"start":{"line":11,"column":0},"end":{"line":14,"column":3}}},"fnMap":{},"branchMap":{},"s":{"0":2,"1":2,"2":2,"3":2,"4":2,"5":2},"f":{},"b":{}}
,"/home/nievethan/ecoRide_requester/backend/src/routes/rideRoutes.ts": {"path":"/home/nievethan/ecoRide_requester/backend/src/routes/rideRoutes.ts","statementMap":{"0":{"start":{"line":1,"column":0},"end":{"line":1,"column":33}},"1":{"start":{"line":2,"column":0},"end":{"line":2,"column":72}},"2":{"start":{"line":3,"column":0},"end":{"line":3,"column":41}},"3":{"start":{"line":5,"column":15},"end":{"line":5,"column":23}},"4":{"start":{"line":7,"column":0},"end":{"line":18,"column":15}},"5":{"start":{"line":20,"column":0},"end":{"line":20,"column":28}},"6":{"start":{"line":22,"column":0},"end":{"line":22,"column":22}}},"fnMap":{},"branchMap":{},"s":{"0":2,"1":2,"2":2,"3":2,"4":2,"5":2,"6":2},"f":{},"b":{}}
,"/home/nievethan/ecoRide_requester/backend/src/routes/userRoutes.ts": {"path":"/home/nievethan/ecoRide_requester/backend/src/routes/userRoutes.ts","statementMap":{"0":{"start":{"line":1,"column":0},"end":{"line":1,"column":33}},"1":{"start":{"line":2,"column":0},"end":{"line":2,"column":72}},"2":{"start":{"line":3,"column":0},"end":{"line":3,"column":41}},"3":{"start":{"line":5,"column":15},"end":{"line":5,"column":23}},"4":{"start":{"line":7,"column":0},"end":{"line":15,"column":15}},"5":{"start":{"line":17,"column":0},"end":{"line":17,"column":29}},"6":{"start":{"line":19,"column":0},"end":{"line":19,"column":22}}},"fnMap":{},"branchMap":{},"s":{"0":2,"1":2,"2":2,"3":2,"4":2,"5":2,"6":2},"f":{},"b":{}}
}
