TN:
SF:src/app.ts
FN:18,(anonymous_1)
FNF:1
FNH:0
FNDA:0,(anonymous_1)
DA:1,2
DA:2,2
DA:3,2
DA:4,2
DA:7,2
DA:10,2
DA:11,2
DA:14,2
DA:15,2
DA:18,2
DA:19,0
DA:22,2
LF:12
LH:11
BRF:0
BRH:0
end_of_record
TN:
SF:src/database.ts
FN:24,(anonymous_1)
FNF:1
FNH:0
FNDA:0,(anonymous_1)
DA:1,2
DA:2,2
DA:5,2
DA:8,2
DA:9,0
DA:13,2
DA:24,2
DA:25,0
DA:26,0
DA:27,0
DA:29,0
DA:33,2
LF:12
LH:7
BRDA:8,0,0,0
BRDA:8,0,1,2
BRF:2
BRH:1
end_of_record
TN:
SF:src/controllers/rideController.ts
FN:5,(anonymous_0)
FN:42,(anonymous_1)
FNF:2
FNH:2
FNDA:5,(anonymous_0)
FNDA:1,(anonymous_1)
DA:2,2
DA:3,2
DA:5,2
DA:6,5
DA:7,5
DA:9,3
DA:10,3
DA:13,2
DA:15,2
DA:18,2
DA:19,2
DA:20,1
DA:21,1
DA:25,1
DA:32,1
DA:37,0
DA:38,0
DA:42,2
DA:43,1
DA:45,1
DA:56,1
DA:59,0
DA:60,0
LF:23
LH:19
BRDA:7,0,0,3
BRDA:7,0,1,2
BRDA:19,1,0,1
BRDA:19,1,1,1
BRF:4
BRH:4
end_of_record
TN:
SF:src/controllers/userController.ts
FN:5,(anonymous_0)
FN:33,(anonymous_1)
FNF:2
FNH:2
FNDA:5,(anonymous_0)
FNDA:1,(anonymous_1)
DA:2,2
DA:3,2
DA:5,2
DA:6,5
DA:7,5
DA:8,2
DA:9,2
DA:11,3
DA:13,3
DA:16,3
DA:21,2
DA:26,1
DA:27,0
DA:29,1
DA:33,2
DA:34,1
DA:36,1
DA:41,1
DA:44,0
DA:45,0
LF:20
LH:17
BRDA:7,0,0,2
BRDA:7,0,1,3
BRDA:26,1,0,0
BRDA:26,1,1,1
BRF:4
BRH:3
end_of_record
TN:
SF:src/models/Ride.ts
FNF:0
FNH:0
DA:1,2
DA:2,2
DA:4,2
DA:29,2
LF:4
LH:4
BRF:0
BRH:0
end_of_record
TN:
SF:src/models/User.ts
FNF:0
FNH:0
DA:1,2
DA:2,2
DA:4,2
DA:26,2
LF:4
LH:4
BRF:0
BRH:0
end_of_record
TN:
SF:src/models/index.ts
FNF:0
FNH:0
DA:1,2
DA:2,2
DA:5,2
DA:11,2
DA:16,2
LF:5
LH:5
BRF:0
BRH:0
end_of_record
TN:
SF:src/routes/rideRoutes.ts
FNF:0
FNH:0
DA:1,2
DA:2,2
DA:3,2
DA:5,2
DA:7,2
DA:20,2
DA:22,2
LF:7
LH:7
BRF:0
BRH:0
end_of_record
TN:
SF:src/routes/userRoutes.ts
FNF:0
FNH:0
DA:1,2
DA:2,2
DA:3,2
DA:5,2
DA:7,2
DA:17,2
DA:19,2
LF:7
LH:7
BRF:0
BRH:0
end_of_record
